#
# There is insufficient memory for the Java Runtime Environment to continue.
# Native memory allocation (malloc) failed to allocate 1048576 bytes for AllocateHeap
# Possible reasons:
#   The system is out of physical RAM or swap space
#   In 32 bit mode, the process size limit was hit
# Possible solutions:
#   Reduce memory load on the system
#   Increase physical memory or swap space
#   Check if swap backing store is full
#   Use 64 bit Java on a 64 bit OS
#   Decrease Java heap size (-Xmx/-Xms)
#   Decrease number of Java threads
#   Decrease Java thread stack sizes (-Xss)
#   Set larger code cache with -XX:ReservedCodeCacheSize=
# This output file may be truncated or incomplete.
#
#  Out of Memory Error (memory/allocation.inline.hpp:61), pid=2176, tid=424
#
# JRE version:  (8.0_91-b14) (build )
# Java VM: Java HotSpot(TM) 64-Bit Server VM (25.91-b14 mixed mode windows-amd64 compressed oops)
# Failed to write core dump. Minidumps are not enabled by default on client versions of Windows
#

---------------  T H R E A D  ---------------

Current thread (0x000000000312d800):  JavaThread "Unknown thread" [_thread_in_vm, id=424, stack(0x0000000001470000,0x0000000001570000)]

Stack: [0x0000000001470000,0x0000000001570000]
[error occurred during error reporting (printing stack bounds), id 0xc0000005]

Native frames: (J=compiled Java code, j=interpreted, Vv=VM code, C=native code)


---------------  P R O C E S S  ---------------

Java Threads: ( => current thread )

Other Threads:

=>0x000000000312d800 (exited) JavaThread "Unknown thread" [_thread_in_vm, id=424, stack(0x0000000001470000,0x0000000001570000)]

VM state:not at safepoint (normal execution)

VM Mutex/Monitor currently owned by a thread: None

Heap:
 PSYoungGen      total 18432K, used 317K [0x00000000eb600000, 0x00000000eca80000, 0x0000000100000000)
  eden space 15872K, 2% used [0x00000000eb600000,0x00000000eb64f5d0,0x00000000ec580000)
  from space 2560K, 0% used [0x00000000ec800000,0x00000000ec800000,0x00000000eca80000)
  to   space 2560K, 0% used [0x00000000ec580000,0x00000000ec580000,0x00000000ec800000)
 ParOldGen       total 42496K, used 0K [0x00000000c2200000, 0x00000000c4b80000, 0x00000000eb600000)
  object space 42496K, 0% used [0x00000000c2200000,0x00000000c2200000,0x00000000c4b80000)
 Metaspace       used 769K, capacity 4480K, committed 4480K, reserved 1056768K
  class space    used 75K, capacity 384K, committed 384K, reserved 1048576K

Card table byte_map: [0x00000000034f0000,0x00000000036e0000] byte_map_base: 0x0000000002edf000

Marking Bits: (ParMarkBitMap*) 0x000000005ca12f70
 Begin Bits: [0x0000000003c30000, 0x0000000004ba8000)
 End Bits:   [0x0000000004ba8000, 0x0000000005b20000)

Polling page: 0x0000000000f50000

CodeCache: size=245760Kb used=328Kb max_used=328Kb free=245431Kb
 bounds [0x000000000f010000, 0x000000000f280000, 0x000000001e010000]
 total_blobs=58 nmethods=0 adapters=38
 compilation: enabled

Compilation events (0 events):
No events

GC Heap History (0 events):
No events

Deoptimization events (0 events):
No events

Internal exceptions (0 events):
No events

Events (10 events):
Event: 0.061 loading class java/lang/Short
Event: 0.061 loading class java/lang/Short done
Event: 0.061 loading class java/lang/Integer
Event: 0.061 loading class java/lang/Integer done
Event: 0.061 loading class java/lang/Long
Event: 0.061 loading class java/lang/Long done
Event: 0.062 loading class java/lang/NullPointerException
Event: 0.062 loading class java/lang/NullPointerException done
Event: 0.062 loading class java/lang/ArithmeticException
Event: 0.062 loading class java/lang/ArithmeticException done


Dynamic libraries:
0x00007ff77bf70000 - 0x00007ff77bfa7000 	C:\Program Files\Java\jdk1.8.0_91\bin\java.exe
0x00007ff9a06b0000 - 0x00007ff9a0871000 	C:\WINDOWS\SYSTEM32\ntdll.dll
0x00007ff99dce0000 - 0x00007ff99dd8d000 	C:\WINDOWS\system32\KERNEL32.DLL
0x00007ff99d710000 - 0x00007ff99d8f8000 	C:\WINDOWS\system32\KERNELBASE.dll
0x00007ff99e390000 - 0x00007ff99e437000 	C:\WINDOWS\system32\ADVAPI32.dll
0x00007ff99dc10000 - 0x00007ff99dcad000 	C:\WINDOWS\system32\msvcrt.dll
0x00007ff99e990000 - 0x00007ff99e9eb000 	C:\WINDOWS\system32\sechost.dll
0x00007ff99e510000 - 0x00007ff99e62c000 	C:\WINDOWS\system32\RPCRT4.dll
0x00007ff99dab0000 - 0x00007ff99dc06000 	C:\WINDOWS\system32\USER32.dll
0x00007ff9a0520000 - 0x00007ff9a06a6000 	C:\WINDOWS\system32\GDI32.dll
0x00007ff998760000 - 0x00007ff9989d4000 	C:\WINDOWS\WinSxS\amd64_microsoft.windows.common-controls_6595b64144ccf1df_6.0.10586.589_none_a2ddb3caa539acce\COMCTL32.dll
0x00007ff99e710000 - 0x00007ff99e98d000 	C:\WINDOWS\system32\combase.dll
0x00007ff99d990000 - 0x00007ff99d9fa000 	C:\WINDOWS\system32\bcryptPrimitives.dll
0x00007ff99e9f0000 - 0x00007ff99ea2b000 	C:\WINDOWS\system32\IMM32.DLL
0x00007ff99cbc0000 - 0x00007ff99cbf1000 	C:\WINDOWS\system32\nvinitx.dll
0x00007ff99cbb0000 - 0x00007ff99cbba000 	C:\WINDOWS\SYSTEM32\VERSION.dll
0x000000000f000000 - 0x000000000f006000 	C:\Program Files\NVIDIA Corporation\CoProcManager\_etoured.dll
0x00007ff99ae20000 - 0x00007ff99ae52000 	C:\Program Files\NVIDIA Corporation\CoProcManager\nvd3d9wrapx.dll
0x00007ff99dda0000 - 0x00007ff99e1c9000 	C:\WINDOWS\system32\SETUPAPI.dll
0x00007ff99cdc0000 - 0x00007ff99ce03000 	C:\WINDOWS\system32\CFGMGR32.dll
0x00007ff99ad60000 - 0x00007ff99ad82000 	C:\Program Files\NVIDIA Corporation\CoProcManager\nvdxgiwrapx.dll
0x000000005bd40000 - 0x000000005be12000 	C:\Program Files\Java\jdk1.8.0_91\jre\bin\msvcr100.dll
0x000000005c200000 - 0x000000005ca93000 	C:\Program Files\Java\jdk1.8.0_91\jre\bin\server\jvm.dll
0x00007ff99dcb0000 - 0x00007ff99dcb8000 	C:\WINDOWS\system32\PSAPI.DLL
0x00007ff994770000 - 0x00007ff994779000 	C:\WINDOWS\SYSTEM32\WSOCK32.dll
0x00007ff99e690000 - 0x00007ff99e6fb000 	C:\WINDOWS\system32\WS2_32.dll
0x00007ff99ad00000 - 0x00007ff99ad23000 	C:\WINDOWS\SYSTEM32\WINMM.dll
0x0000000000f00000 - 0x0000000000f2c000 	C:\WINDOWS\SYSTEM32\WINMMBASE.dll
0x000000005c1f0000 - 0x000000005c1ff000 	C:\Program Files\Java\jdk1.8.0_91\jre\bin\verify.dll
0x000000005c1c0000 - 0x000000005c1e9000 	C:\Program Files\Java\jdk1.8.0_91\jre\bin\java.dll
0x000000005c1a0000 - 0x000000005c1b6000 	C:\Program Files\Java\jdk1.8.0_91\jre\bin\zip.dll

VM Arguments:
jvm_args: -Didea.launcher.port=7532 -Didea.launcher.bin.path=E:\Program Files£¨x86£©\IntelliJ IDEA Community Edition 2016.2.2\bin -Dfile.encoding=GBK 
java_command: com.intellij.rt.execution.application.AppMain util.ChartUtil
java_class_path (initial): C:\Program Files\Java\jdk1.8.0_91\jre\lib\charsets.jar;C:\Program Files\Java\jdk1.8.0_91\jre\lib\deploy.jar;C:\Program Files\Java\jdk1.8.0_91\jre\lib\ext\access-bridge-64.jar;C:\Program Files\Java\jdk1.8.0_91\jre\lib\ext\cldrdata.jar;C:\Program Files\Java\jdk1.8.0_91\jre\lib\ext\dnsns.jar;C:\Program Files\Java\jdk1.8.0_91\jre\lib\ext\jaccess.jar;C:\Program Files\Java\jdk1.8.0_91\jre\lib\ext\jfxrt.jar;C:\Program Files\Java\jdk1.8.0_91\jre\lib\ext\localedata.jar;C:\Program Files\Java\jdk1.8.0_91\jre\lib\ext\nashorn.jar;C:\Program Files\Java\jdk1.8.0_91\jre\lib\ext\sunec.jar;C:\Program Files\Java\jdk1.8.0_91\jre\lib\ext\sunjce_provider.jar;C:\Program Files\Java\jdk1.8.0_91\jre\lib\ext\sunmscapi.jar;C:\Program Files\Java\jdk1.8.0_91\jre\lib\ext\sunpkcs11.jar;C:\Program Files\Java\jdk1.8.0_91\jre\lib\ext\zipfs.jar;C:\Program Files\Java\jdk1.8.0_91\jre\lib\javaws.jar;C:\Program Files\Java\jdk1.8.0_91\jre\lib\jce.jar;C:\Program Files\Java\jdk1.8.0_91\jre\lib\jfr.jar;C:\Program Files\Java\jdk1.8.0_91\jre\lib\jfxswt.jar;C:\Program Files\Java\jdk1.8.0_91\jre\lib\jsse.jar;C:\Program Files\Java\jdk1.8.0_91\jre\lib\management-agent.jar;C:\Program Files\Java\jdk1.8.0_91\jre\lib\plugin.jar;C:\Program Files\Java\jdk1.8.0_91\jre\lib\resources.jar;C:\Program Files\Java\jdk1.8.0_91\jre\lib\rt.jar;F:\workspace\hutubill\out\production\hutubill;F:\workspace\hutubill\liquidlnf.jar;F:\workspace\hutubill\chart.jar;F:\workspace\hutubill\mysql-connector-java-5.1.39-bin.jar;F:\workspace\hutubill\swingx-core-1.6.2.jar;E:\Program Files£¨x86£©\IntelliJ IDEA Community Edition 2016.2.2\lib\idea_rt.jar
Launcher Type: SUN_STANDARD

Environment Variables:
JAVA_HOME=C:\Program Files\Java\jdk1.8.0_91
CLASSPATH=.;C:\Program Files\Java\jdk1.8.0_91\lib;C:\Program Files\Java\jdk1.8.0_91\lib\tools.jar
PATH=C:\ProgramData\Oracle\Java\javapath;C:\WINDOWS\system32;C:\WINDOWS;C:\WINDOWS\System32\Wbem;C:\WINDOWS\System32\WindowsPowerShell\v1.0\;C:\Python27;C:\Program Files\Java\jdk1.8.0_91\bin;C:\Program Files\Java\jdk1.8.0_91\jre\bin;E:\Program Files\Git\cmd;C:\Program Files\nodejs\;C:\Users\11981\AppData\Roaming\npm
USERNAME=11981
OS=Windows_NT
PROCESSOR_IDENTIFIER=Intel64 Family 6 Model 58 Stepping 9, GenuineIntel



---------------  S Y S T E M  ---------------

OS: Windows 10.0 , 64 bit Build 10586 (10.0.10586.589)

CPU:total 4 (2 cores per cpu, 2 threads per core) family 6 model 58 stepping 9, cmov, cx8, fxsr, mmx, sse, sse2, sse3, ssse3, sse4.1, sse4.2, popcnt, avx, aes, clmul, erms, ht, tsc, tscinvbit, tscinv

Memory: 4k page, physical 4052080k(670848k free), swap 4052080k(5744k free)

vm_info: Java HotSpot(TM) 64-Bit Server VM (25.91-b14) for windows-amd64 JRE (1.8.0_91-b14), built on Apr  1 2016 00:58:32 by "java_re" with MS VC++ 10.0 (VS2010)

time: Sat Sep 17 19:20:10 2016
elapsed time: 0 seconds (0d 0h 0m 0s)

